[2024-12-04T23:39:47.145+0000] {processor.py:186} INFO - Started process (PID=2398) to work on /opt/airflow/dags/container.py
[2024-12-04T23:39:47.146+0000] {processor.py:914} INFO - Processing file /opt/airflow/dags/container.py for tasks to queue
[2024-12-04T23:39:47.149+0000] {logging_mixin.py:190} INFO - [2024-12-04T23:39:47.148+0000] {dagbag.py:588} INFO - Filling up the DagBag from /opt/airflow/dags/container.py
[2024-12-04T23:39:47.173+0000] {processor.py:925} INFO - DAG(s) 'airflow_docker_operator' retrieved from /opt/airflow/dags/container.py
[2024-12-04T23:39:47.216+0000] {logging_mixin.py:190} INFO - [2024-12-04T23:39:47.216+0000] {dag.py:3239} INFO - Sync 1 DAGs
[2024-12-04T23:39:47.239+0000] {logging_mixin.py:190} INFO - [2024-12-04T23:39:47.239+0000] {dag.py:4180} INFO - Setting next_dagrun for airflow_docker_operator to None, run_after=None
[2024-12-04T23:39:47.265+0000] {processor.py:208} INFO - Processing /opt/airflow/dags/container.py took 0.131 seconds
[2024-12-04T23:40:17.531+0000] {processor.py:186} INFO - Started process (PID=2405) to work on /opt/airflow/dags/container.py
[2024-12-04T23:40:17.533+0000] {processor.py:914} INFO - Processing file /opt/airflow/dags/container.py for tasks to queue
[2024-12-04T23:40:17.535+0000] {logging_mixin.py:190} INFO - [2024-12-04T23:40:17.535+0000] {dagbag.py:588} INFO - Filling up the DagBag from /opt/airflow/dags/container.py
[2024-12-04T23:40:17.553+0000] {processor.py:925} INFO - DAG(s) 'airflow_docker_operator' retrieved from /opt/airflow/dags/container.py
[2024-12-04T23:40:17.603+0000] {logging_mixin.py:190} INFO - [2024-12-04T23:40:17.602+0000] {dag.py:3239} INFO - Sync 1 DAGs
[2024-12-04T23:40:17.629+0000] {logging_mixin.py:190} INFO - [2024-12-04T23:40:17.629+0000] {dag.py:4180} INFO - Setting next_dagrun for airflow_docker_operator to None, run_after=None
[2024-12-04T23:40:17.660+0000] {processor.py:208} INFO - Processing /opt/airflow/dags/container.py took 0.140 seconds
[2024-12-04T23:40:49.025+0000] {processor.py:186} INFO - Started process (PID=2412) to work on /opt/airflow/dags/container.py
[2024-12-04T23:40:49.074+0000] {processor.py:914} INFO - Processing file /opt/airflow/dags/container.py for tasks to queue
[2024-12-04T23:40:49.151+0000] {logging_mixin.py:190} INFO - [2024-12-04T23:40:49.115+0000] {dagbag.py:588} INFO - Filling up the DagBag from /opt/airflow/dags/container.py
[2024-12-04T23:40:49.624+0000] {processor.py:925} INFO - DAG(s) 'airflow_docker_operator' retrieved from /opt/airflow/dags/container.py
[2024-12-04T23:40:49.977+0000] {logging_mixin.py:190} INFO - [2024-12-04T23:40:49.976+0000] {dag.py:3239} INFO - Sync 1 DAGs
[2024-12-04T23:40:50.228+0000] {logging_mixin.py:190} INFO - [2024-12-04T23:40:50.228+0000] {dag.py:4180} INFO - Setting next_dagrun for airflow_docker_operator to None, run_after=None
[2024-12-04T23:40:50.465+0000] {processor.py:208} INFO - Processing /opt/airflow/dags/container.py took 1.846 seconds
[2024-12-04T23:41:21.217+0000] {processor.py:186} INFO - Started process (PID=2419) to work on /opt/airflow/dags/container.py
[2024-12-04T23:41:21.222+0000] {processor.py:914} INFO - Processing file /opt/airflow/dags/container.py for tasks to queue
[2024-12-04T23:41:21.228+0000] {logging_mixin.py:190} INFO - [2024-12-04T23:41:21.226+0000] {dagbag.py:588} INFO - Filling up the DagBag from /opt/airflow/dags/container.py
[2024-12-04T23:41:21.334+0000] {processor.py:925} INFO - DAG(s) 'airflow_docker_operator' retrieved from /opt/airflow/dags/container.py
[2024-12-04T23:41:21.492+0000] {logging_mixin.py:190} INFO - [2024-12-04T23:41:21.491+0000] {dag.py:3239} INFO - Sync 1 DAGs
[2024-12-04T23:41:21.614+0000] {logging_mixin.py:190} INFO - [2024-12-04T23:41:21.602+0000] {dag.py:4180} INFO - Setting next_dagrun for airflow_docker_operator to None, run_after=None
[2024-12-04T23:41:21.820+0000] {processor.py:208} INFO - Processing /opt/airflow/dags/container.py took 0.703 seconds
